# JRE version: OpenJDK Runtime Environment (21.0.4) (build 21.0.4+-12508038-b607.1)
# Java VM: OpenJDK 64-Bit Server VM (21.0.4+-12508038-b607.1, mixed mode, tiered, compressed oops, compressed class ptrs, g1 gc, windows-amd64)
GC Precious Log:
 CardTable entry size: 512
 Card Set container configuration: InlinePtr #cards 5 size 8 Array Of Cards #cards 12 size 40 Howl #buckets 4 coarsen threshold 1843 Howl Bitmap #cards 512 size 80 coarsen threshold 460 Card regions per heap region 1 cards per card region 2048
 CPUs: 8 total, 8 available
 Memory: 8040M
 Large Page Support: Disabled
 NUMA Support: Disabled
 Compressed Oops: Enabled (32-bit)
 Heap Region Size: 1M
 Heap Min Capacity: 8M
 Heap Initial Capacity: 126M
 Heap Max Capacity: 2G
 Pre-touch: Disabled
 Parallel Workers: 8
 Concurrent Workers: 2
 Concurrent Refinement Workers: 8
 Periodic GC: Disabled
Heap:
 garbage-first heap   total 358400K, used 324608K [0x0000000080000000, 0x0000000100000000)
  region size 1024K, 3 young (3072K), 3 survivors (3072K)
 Metaspace       used 145989K, committed 148224K, reserved 1179648K
  class space    used 18365K, committed 19520K, reserved 1048576K
GC Heap History (20 events):
Event: 384.788 GC heap after
{Heap after GC invocations=76 (full 0):
 garbage-first heap   total 302080K, used 122743K [0x0000000080000000, 0x0000000100000000)
  region size 1024K, 8 young (8192K), 8 survivors (8192K)
 Metaspace       used 128549K, committed 130752K, reserved 1179648K
  class space    used 16491K, committed 17600K, reserved 1048576K
}
Event: 397.800 GC heap before
{Heap before GC invocations=76 (full 0):
 garbage-first heap   total 302080K, used 299895K [0x0000000080000000, 0x0000000100000000)
  region size 1024K, 154 young (157696K), 8 survivors (8192K)
 Metaspace       used 128985K, committed 131136K, reserved 1179648K
  class space    used 16494K, committed 17600K, reserved 1048576K
}
Event: 397.827 GC heap after
{Heap after GC invocations=77 (full 0):
 garbage-first heap   total 322560K, used 132063K [0x0000000080000000, 0x0000000100000000)
  region size 1024K, 20 young (20480K), 20 survivors (20480K)
 Metaspace       used 128985K, committed 131136K, reserved 1179648K
  class space    used 16494K, committed 17600K, reserved 1048576K
}
Event: 578.420 GC heap before
{Heap before GC invocations=77 (full 0):
 garbage-first heap   total 322560K, used 251871K [0x0000000080000000, 0x0000000100000000)
  region size 1024K, 139 young (142336K), 20 survivors (20480K)
 Metaspace       used 129252K, committed 131456K, reserved 1179648K
  class space    used 16498K, committed 17600K, reserved 1048576K
}
Event: 578.599 GC heap after
{Heap after GC invocations=78 (full 0):
 garbage-first heap   total 322560K, used 132943K [0x0000000080000000, 0x0000000100000000)
  region size 1024K, 12 young (12288K), 12 survivors (12288K)
 Metaspace       used 129252K, committed 131456K, reserved 1179648K
  class space    used 16498K, committed 17600K, reserved 1048576K
}
Event: 607.455 GC heap before
{Heap before GC invocations=79 (full 0):
 garbage-first heap   total 322560K, used 308047K [0x0000000080000000, 0x0000000100000000)
  region size 1024K, 156 young (159744K), 12 survivors (12288K)
 Metaspace       used 129720K, committed 131904K, reserved 1179648K
  class space    used 16528K, committed 17664K, reserved 1048576K
}
Event: 607.494 GC heap after
{Heap after GC invocations=80 (full 0):
 garbage-first heap   total 329728K, used 140623K [0x0000000080000000, 0x0000000100000000)
  region size 1024K, 19 young (19456K), 19 survivors (19456K)
 Metaspace       used 129720K, committed 131904K, reserved 1179648K
  class space    used 16528K, committed 17664K, reserved 1048576K
}
Event: 623.398 GC heap before
{Heap before GC invocations=80 (full 0):
 garbage-first heap   total 329728K, used 296271K [0x0000000080000000, 0x0000000100000000)
  region size 1024K, 166 young (169984K), 19 survivors (19456K)
 Metaspace       used 142117K, committed 144320K, reserved 1179648K
  class space    used 17880K, committed 19008K, reserved 1048576K
}
Event: 623.477 GC heap after
{Heap after GC invocations=81 (full 0):
 garbage-first heap   total 340992K, used 158685K [0x0000000080000000, 0x0000000100000000)
  region size 1024K, 21 young (21504K), 21 survivors (21504K)
 Metaspace       used 142117K, committed 144320K, reserved 1179648K
  class space    used 17880K, committed 19008K, reserved 1048576K
}
Event: 626.070 GC heap before
{Heap before GC invocations=81 (full 0):
 garbage-first heap   total 340992K, used 248797K [0x0000000080000000, 0x0000000100000000)
  region size 1024K, 109 young (111616K), 21 survivors (21504K)
 Metaspace       used 145824K, committed 148096K, reserved 1179648K
  class space    used 18363K, committed 19520K, reserved 1048576K
}
Event: 626.141 GC heap after
{Heap after GC invocations=82 (full 0):
 garbage-first heap   total 340992K, used 214528K [0x0000000080000000, 0x0000000100000000)
  region size 1024K, 14 young (14336K), 14 survivors (14336K)
 Metaspace       used 145824K, committed 148096K, reserved 1179648K
  class space    used 18363K, committed 19520K, reserved 1048576K
}
Event: 626.765 GC heap before
{Heap before GC invocations=83 (full 0):
 garbage-first heap   total 358400K, used 282112K [0x0000000080000000, 0x0000000100000000)
  region size 1024K, 80 young (81920K), 14 survivors (14336K)
 Metaspace       used 145910K, committed 148160K, reserved 1179648K
  class space    used 18364K, committed 19520K, reserved 1048576K
}
Event: 626.815 GC heap after
{Heap after GC invocations=84 (full 0):
 garbage-first heap   total 358400K, used 271360K [0x0000000080000000, 0x0000000100000000)
  region size 1024K, 10 young (10240K), 10 survivors (10240K)
 Metaspace       used 145910K, committed 148160K, reserved 1179648K
  class space    used 18364K, committed 19520K, reserved 1048576K
}
Event: 627.083 GC heap before
{Heap before GC invocations=84 (full 0):
 garbage-first heap   total 358400K, used 295936K [0x0000000080000000, 0x0000000100000000)
  region size 1024K, 34 young (34816K), 10 survivors (10240K)
 Metaspace       used 145941K, committed 148224K, reserved 1179648K
  class space    used 18364K, committed 19520K, reserved 1048576K
}
Event: 627.108 GC heap after
{Heap after GC invocations=85 (full 0):
 garbage-first heap   total 358400K, used 276992K [0x0000000080000000, 0x0000000100000000)
  region size 1024K, 5 young (5120K), 5 survivors (5120K)
 Metaspace       used 145941K, committed 148224K, reserved 1179648K
  class space    used 18364K, committed 19520K, reserved 1048576K
}
Event: 627.287 GC heap before
{Heap before GC invocations=85 (full 0):
 garbage-first heap   total 358400K, used 312832K [0x0000000080000000, 0x0000000100000000)
  region size 1024K, 40 young (40960K), 5 survivors (5120K)
 Metaspace       used 145941K, committed 148224K, reserved 1179648K
  class space    used 18364K, committed 19520K, reserved 1048576K
}
Event: 627.323 GC heap after
{Heap after GC invocations=86 (full 0):
 garbage-first heap   total 358400K, used 301568K [0x0000000080000000, 0x0000000100000000)
  region size 1024K, 5 young (5120K), 5 survivors (5120K)
 Metaspace       used 145941K, committed 148224K, reserved 1179648K
  class space    used 18364K, committed 19520K, reserved 1048576K
}
Event: 627.382 GC heap before
{Heap before GC invocations=86 (full 0):
 garbage-first heap   total 358400K, used 321024K [0x0000000080000000, 0x0000000100000000)
  region size 1024K, 24 young (24576K), 5 survivors (5120K)
 Metaspace       used 145944K, committed 148224K, reserved 1179648K
  class space    used 18364K, committed 19520K, reserved 1048576K
}
Event: 627.409 GC heap after
{Heap after GC invocations=87 (full 0):
 garbage-first heap   total 358400K, used 318976K [0x0000000080000000, 0x0000000100000000)
  region size 1024K, 3 young (3072K), 3 survivors (3072K)
 Metaspace       used 145944K, committed 148224K, reserved 1179648K
  class space    used 18364K, committed 19520K, reserved 1048576K
}
Event: 627.652 GC heap before
{Heap before GC invocations=87 (full 0):
 garbage-first heap   total 358400K, used 333312K [0x0000000080000000, 0x0000000100000000)
  region size 1024K, 17 young (17408K), 3 survivors (3072K)
 Metaspace       used 145989K, committed 148224K, reserved 1179648K
  class space    used 18365K, committed 19520K, reserved 1048576K
}

